Searching for include files...
Searching for example files...
Searching for images...
Searching for dot files...
Searching for msc files...
Searching for dia files...
Searching for files to exclude
Searching for files to process...
Searching for files in directory /home/students/spruett/CS453/Lab1/mydash
Searching for files in directory /home/students/spruett/CS453/Lab1/mydash/docs
Searching for files in directory /home/students/spruett/CS453/Lab1/mydash/include
Searching for files in directory /home/students/spruett/CS453/Lab1/mydash/lib
Searching for files in directory /home/students/spruett/CS453/Lab1/mydash/libsrc
Searching for files in directory /home/students/spruett/CS453/Lab1/mydash/test-harness
Searching for files in directory /home/students/spruett/CS453/Lab1/mydash/test-harness/example1
Searching for files in directory /home/students/spruett/CS453/Lab1/mydash/test-harness/example1/inputs
Searching for files in directory /home/students/spruett/CS453/Lab1/mydash/test-harness/example1/outputs
Searching for files in directory /home/students/spruett/CS453/Lab1/mydash/test-harness/example2
Searching for files in directory /home/students/spruett/CS453/Lab1/mydash/test-harness/example2/tests
Searching for files in directory /home/students/spruett/CS453/Lab1/mydash/test-harness/example2/tests/1
Searching for files in directory /home/students/spruett/CS453/Lab1/mydash/test-harness/example2/tests/2
Searching for files in directory /home/students/spruett/CS453/Lab1/mydash/test-harness/example2/tests/3
Searching for files in directory /home/students/spruett/CS453/Lab1/mydash/test-harness/example2/tests/4
Searching for files in directory /home/students/spruett/CS453/Lab1/mydash/test-harness/example2/tests/5
Searching for files in directory /home/students/spruett/CS453/Lab1/mydash/test-harness/example2/tests/6
Searching for files in directory /home/students/spruett/CS453/Lab1/mydash/test-harness/example2/tests/argmax
Searching for files in directory /home/students/spruett/CS453/Lab1/mydash/test-harness/example2/tests/bg1
Searching for files in directory /home/students/spruett/CS453/Lab1/mydash/test-harness/example2/tests/bg2
Searching for files in directory /home/students/spruett/CS453/Lab1/mydash/test-harness/example2/tests/bg3
Searching for files in directory /home/students/spruett/CS453/Lab1/mydash/test-harness/example2/tests/bgempty
Searching for files in directory /home/students/spruett/CS453/Lab1/mydash/test-harness/example2/tests/cd
Searching for files in directory /home/students/spruett/CS453/Lab1/mydash/test-harness/example2/tests/cd2
Searching for files in directory /home/students/spruett/CS453/Lab1/mydash/test-harness/example2/tests/cd3
Searching for files in directory /home/students/spruett/CS453/Lab1/mydash/test-harness/example2/tests/ctrlchar
Searching for files in directory /home/students/spruett/CS453/Lab1/mydash/test-harness/example2/tests/empty
Searching for files in directory /home/students/spruett/CS453/Lab1/mydash/test-harness/example2/tests/exit
Searching for files in directory /home/students/spruett/CS453/Lab1/mydash/test-harness/example2/tests/logout
Searching for files in directory /home/students/spruett/CS453/Lab1/mydash/test-harness/example2/tests/ls
Searching for files in directory /home/students/spruett/CS453/Lab1/mydash/test-harness/example2/tests/space1
Searching for files in directory /home/students/spruett/CS453/Lab1/mydash/test-harness/example2/tests/tab
Searching for files in directory /home/students/spruett/CS453/Lab1/mydash/testsuite
Reading and parsing tag files
Parsing files
Preprocessing /home/students/spruett/CS453/Lab1/mydash/error.c...
Parsing file /home/students/spruett/CS453/Lab1/mydash/error.c...
Preprocessing /home/students/spruett/CS453/Lab1/mydash/include/common.h...
Parsing file /home/students/spruett/CS453/Lab1/mydash/include/common.h...
Preprocessing /home/students/spruett/CS453/Lab1/mydash/include/List.h...
Parsing file /home/students/spruett/CS453/Lab1/mydash/include/List.h...
Preprocessing /home/students/spruett/CS453/Lab1/mydash/include/Node.h...
Parsing file /home/students/spruett/CS453/Lab1/mydash/include/Node.h...
Preprocessing /home/students/spruett/CS453/Lab1/mydash/libsrc/common.h...
Parsing file /home/students/spruett/CS453/Lab1/mydash/libsrc/common.h...
Preprocessing /home/students/spruett/CS453/Lab1/mydash/libsrc/List.c...
Parsing file /home/students/spruett/CS453/Lab1/mydash/libsrc/List.c...
Preprocessing /home/students/spruett/CS453/Lab1/mydash/libsrc/List.h...
Parsing file /home/students/spruett/CS453/Lab1/mydash/libsrc/List.h...
Preprocessing /home/students/spruett/CS453/Lab1/mydash/libsrc/Node.c...
Parsing file /home/students/spruett/CS453/Lab1/mydash/libsrc/Node.c...
Preprocessing /home/students/spruett/CS453/Lab1/mydash/libsrc/Node.h...
Parsing file /home/students/spruett/CS453/Lab1/mydash/libsrc/Node.h...
Preprocessing /home/students/spruett/CS453/Lab1/mydash/loop.c...
Parsing file /home/students/spruett/CS453/Lab1/mydash/loop.c...
Preprocessing /home/students/spruett/CS453/Lab1/mydash/mydash.c...
Parsing file /home/students/spruett/CS453/Lab1/mydash/mydash.c...
Preprocessing /home/students/spruett/CS453/Lab1/mydash/ourhdr.h...
Parsing file /home/students/spruett/CS453/Lab1/mydash/ourhdr.h...
Preprocessing /home/students/spruett/CS453/Lab1/mydash/README.dox...
Parsing file /home/students/spruett/CS453/Lab1/mydash/README.dox...
Preprocessing /home/students/spruett/CS453/Lab1/mydash/test-readline.c...
Parsing file /home/students/spruett/CS453/Lab1/mydash/test-readline.c...
Preprocessing /home/students/spruett/CS453/Lab1/mydash/testsuite/Object.c...
Parsing file /home/students/spruett/CS453/Lab1/mydash/testsuite/Object.c...
Preprocessing /home/students/spruett/CS453/Lab1/mydash/testsuite/Object.h...
Parsing file /home/students/spruett/CS453/Lab1/mydash/testsuite/Object.h...
Preprocessing /home/students/spruett/CS453/Lab1/mydash/testsuite/RandomTestList.c...
Parsing file /home/students/spruett/CS453/Lab1/mydash/testsuite/RandomTestList.c...
Preprocessing /home/students/spruett/CS453/Lab1/mydash/testsuite/SimpleTestList.c...
Parsing file /home/students/spruett/CS453/Lab1/mydash/testsuite/SimpleTestList.c...
Preprocessing /home/students/spruett/CS453/Lab1/mydash/testsuite/UnitTestList.c...
Parsing file /home/students/spruett/CS453/Lab1/mydash/testsuite/UnitTestList.c...
Building group list...
Building directory list...
Building namespace list...
Building file list...
Building class list...
Associating documentation with classes...
Computing nesting relations for classes...
Building example list...
Searching for enumerations...
Searching for documented typedefs...
Searching for members imported via using declarations...
Searching for included using directives...
Searching for documented variables...
Building interface member list...
Building member list...
Searching for friends...
Searching for documented defines...
Computing class inheritance relations...
Computing class usage relations...
Flushing cached template relations that have become invalid...
Creating members for template instances...
Computing class relations...
Add enum values to enums...
Searching for member function documentation...
Building page list...
Search for main page...
Computing page relations...
Determining the scope of groups...
Sorting lists...
Freeing entry tree
Determining which enums are documented
Computing member relations...
Building full member lists recursively...
Adding members to member groups.
Computing member references...
Inheriting documentation...
Generating disk names...
Adding source references...
Adding xrefitems...
Sorting member lists...
Computing dependencies between directories...
Generating citations page...
Counting data structures...
Resolving user defined references...
Finding anchors and sections in the documentation...
Transferring function references...
Combining using relations...
Adding members to index pages...
Generating style sheet...
Generating search indices...
Generating example documentation...
Generating file sources...
Generating code for file include/common.h...
Generating code for file libsrc/common.h...
Generating code for file include/List.h...
Generating c/home/students/spruett/CS453/Lab1/mydash/include/List.h:135: warning: argument 'list' of command @param is not found in the argument list of printList(const ListPtr L)
/home/students/spruett/CS453/Lab1/mydash/include/List.h:135: warning: The following parameters of printList(const ListPtr L) are not documented:
  parameter 'L'
/home/students/spruett/CS453/Lab1/mydash/include/List.h:128: warning: argument 'list' of command @param is not found in the argument list of reverseList(ListPtr L)
/home/students/spruett/CS453/Lab1/mydash/include/List.h:128: warning: The following parameters of reverseList(ListPtr L) are not documented:
  parameter 'L'
/home/students/spruett/CS453/Lab1/mydash/include/List.h:117: warning: argument 'the' of command @param is not found in the argument list of search(const ListPtr list, const void *obj)
/home/students/spruett/CS453/Lab1/mydash/include/List.h:117: warning: The following parameters of search(const ListPtr list, const void *obj) are not documented:
  parameter 'obj'
/home/students/spruett/CS453/Lab1/mydash/libsrc/List.h:135: warning: argument 'list' of command @param is not found in the argument list of printList(const ListPtr L)
/home/students/spruett/CS453/Lab1/mydash/libsrc/List.h:135: warning: The following parameters of printList(const ListPtr L) are not documented:
  parameter 'L'
/home/students/spruett/CS453/Lab1/mydash/libsrc/List.h:128: warning: argument 'list' of command @param is not found in the argument list of reverseList(ListPtr L)
/home/students/spruett/CS453/Lab1/mydash/libsrc/List.h:128: warning: The following parameters of reverseList(ListPtr L) are not documented:
  parameter 'L'
/home/students/spruett/CS453/Lab1/mydash/libsrc/List.h:117: warning: argument 'the' of command @param is not found in the argument list of search(const ListPtr list, const void *obj)
/home/students/spruett/CS453/Lab1/mydash/libsrc/List.h:117: warning: The following parameters of search(const ListPtr list, const void *obj) are not documented:
  parameter 'obj'
/home/students/spruett/CS453/Lab1/mydash/include/List.h:135: warning: argument 'list' of command @param is not found in the argument list of printList(const ListPtr L)
/home/students/spruett/CS453/Lab1/mydash/include/List.h:135: warning: The following parameters of printList(const ListPtr L) are not documented:
  parameter 'L'
/home/students/spruett/CS453/Lab1/mydash/include/List.h:128: warning: argument 'list' of command @param is not found in the argument list of reverseList(ListPtr L)
/home/students/spruett/CS453/Lab1/mydash/include/List.h:128: warning: The following parameters of reverseList(ListPtr L) are not documented:
  parameter 'L'
/home/students/spruett/CS453/Lab1/mydash/include/List.h:117: warning: argument 'the' of command @param is not found in the argument list of search(const ListPtr list, const void *obj)
/home/students/spruett/CS453/Lab1/mydash/include/List.h:117: warning: The following parameters of search(const ListPtr list, const void *obj) are not documented:
  parameter 'obj'
ode for file libsrc/List.h...
Generating code for file include/Node.h...
Generating code for file libsrc/Node.h...
Generating code for file ourhdr.h...
Generating code for file testsuite/Object.h...
Generating file documentation...
Generating docs for file error.c...
Generating docs for file include/common.h...
Generating docs for file libsrc/common.h...
Generating docs for file include/List.h...
Generating docs for file libsrc/List.h...
Generating docs for file include/Node.h...
Generating docs for file libsrc/Node.h...
Generating docs for file libsrc/List.c...
Generating docs for file libsrc/Node.c...
Generating docs for file loop.c...
Generating docs for file mydash.c...
Generating docs for file ourhdr.h...
Generating docs for file README.dox...
Generating docs for file test-readline.c...
Generating docs for file testsuite/Object.c...
Generating docs for file testsuite/Object.h...
Generating docs for file testsuite/RandomTestList.c...
Generating docs for file testsuite/SimpleTestList.c...
Generating docs for file testsuite/UnitTestList.c...
Generating page documentation...
Generating group documentation...
Generating class documentation...
Generating docs for compound list...
Generating docs for compound node...
Generating docs for compound object...
Generating namespace index...
Generating graph info page...
Generating directory documentation...
Generating index page...
Generating page index...
Generating module index...
Generating namespace index...
Generating namespace member index...
Generating annotated compound index...
Generating alphabetical compound index...
Generating hierarchical class index...
Generating member index...
Generating file index...
Generating file member index...
Generating example index...
finalizing index lists...
lookup cache used 92/65536 hits=782 misses=96
finished...
